c:\users\allis\documents\github\hardyengine\hardyengine\hardyengine\x64\debug\vc142.pdb
c:\users\allis\documents\github\hardyengine\hardyengine\hardyengine\x64\debug\vc142.idb
c:\users\allis\documents\github\hardyengine\hardyengine\hardyengine\x64\debug\window.nativecodeanalysis.sarif
c:\users\allis\documents\github\hardyengine\hardyengine\hardyengine\x64\debug\window.nativecodeanalysis.xml
c:\users\allis\documents\github\hardyengine\hardyengine\hardyengine\x64\debug\vertexshader.nativecodeanalysis.sarif
c:\users\allis\documents\github\hardyengine\hardyengine\hardyengine\x64\debug\vertexshader.nativecodeanalysis.xml
c:\users\allis\documents\github\hardyengine\hardyengine\hardyengine\x64\debug\vertexbuffer.nativecodeanalysis.sarif
c:\users\allis\documents\github\hardyengine\hardyengine\hardyengine\x64\debug\vertexbuffer.nativecodeanalysis.xml
c:\users\allis\documents\github\hardyengine\hardyengine\hardyengine\x64\debug\transformconstantbuffer.nativecodeanalysis.sarif
c:\users\allis\documents\github\hardyengine\hardyengine\hardyengine\x64\debug\transformconstantbuffer.nativecodeanalysis.xml
c:\users\allis\documents\github\hardyengine\hardyengine\hardyengine\x64\debug\topology.nativecodeanalysis.sarif
c:\users\allis\documents\github\hardyengine\hardyengine\hardyengine\x64\debug\topology.nativecodeanalysis.xml
c:\users\allis\documents\github\hardyengine\hardyengine\hardyengine\x64\debug\time.nativecodeanalysis.sarif
c:\users\allis\documents\github\hardyengine\hardyengine\hardyengine\x64\debug\time.nativecodeanalysis.xml
c:\users\allis\documents\github\hardyengine\hardyengine\hardyengine\x64\debug\pixelshader.nativecodeanalysis.sarif
c:\users\allis\documents\github\hardyengine\hardyengine\hardyengine\x64\debug\pixelshader.nativecodeanalysis.xml
c:\users\allis\documents\github\hardyengine\hardyengine\hardyengine\x64\debug\inputlayout.nativecodeanalysis.sarif
c:\users\allis\documents\github\hardyengine\hardyengine\hardyengine\x64\debug\inputlayout.nativecodeanalysis.xml
c:\users\allis\documents\github\hardyengine\hardyengine\hardyengine\x64\debug\input.nativecodeanalysis.sarif
c:\users\allis\documents\github\hardyengine\hardyengine\hardyengine\x64\debug\input.nativecodeanalysis.xml
c:\users\allis\documents\github\hardyengine\hardyengine\hardyengine\x64\debug\indexbuffer.nativecodeanalysis.sarif
c:\users\allis\documents\github\hardyengine\hardyengine\hardyengine\x64\debug\indexbuffer.nativecodeanalysis.xml
c:\users\allis\documents\github\hardyengine\hardyengine\hardyengine\x64\debug\graphics.nativecodeanalysis.sarif
c:\users\allis\documents\github\hardyengine\hardyengine\hardyengine\x64\debug\graphics.nativecodeanalysis.xml
c:\users\allis\documents\github\hardyengine\hardyengine\hardyengine\x64\debug\exceptionhandler.nativecodeanalysis.sarif
c:\users\allis\documents\github\hardyengine\hardyengine\hardyengine\x64\debug\exceptionhandler.nativecodeanalysis.xml
c:\users\allis\documents\github\hardyengine\hardyengine\hardyengine\x64\debug\event.nativecodeanalysis.sarif
c:\users\allis\documents\github\hardyengine\hardyengine\hardyengine\x64\debug\event.nativecodeanalysis.xml
c:\users\allis\documents\github\hardyengine\hardyengine\hardyengine\x64\debug\engine.nativecodeanalysis.sarif
c:\users\allis\documents\github\hardyengine\hardyengine\hardyengine\x64\debug\engine.nativecodeanalysis.xml
c:\users\allis\documents\github\hardyengine\hardyengine\hardyengine\x64\debug\drawable.nativecodeanalysis.sarif
c:\users\allis\documents\github\hardyengine\hardyengine\hardyengine\x64\debug\drawable.nativecodeanalysis.xml
c:\users\allis\documents\github\hardyengine\hardyengine\hardyengine\x64\debug\cube.nativecodeanalysis.sarif
c:\users\allis\documents\github\hardyengine\hardyengine\hardyengine\x64\debug\cube.nativecodeanalysis.xml
c:\users\allis\documents\github\hardyengine\hardyengine\hardyengine\x64\debug\bindable.nativecodeanalysis.sarif
c:\users\allis\documents\github\hardyengine\hardyengine\hardyengine\x64\debug\bindable.nativecodeanalysis.xml
c:\users\allis\documents\github\hardyengine\hardyengine\hardyengine\x64\debug\bindable.obj
c:\users\allis\documents\github\hardyengine\hardyengine\hardyengine\x64\debug\cube.obj
c:\users\allis\documents\github\hardyengine\hardyengine\hardyengine\x64\debug\drawable.obj
c:\users\allis\documents\github\hardyengine\hardyengine\hardyengine\x64\debug\engine.obj
c:\users\allis\documents\github\hardyengine\hardyengine\hardyengine\x64\debug\event.obj
c:\users\allis\documents\github\hardyengine\hardyengine\hardyengine\x64\debug\exceptionhandler.obj
c:\users\allis\documents\github\hardyengine\hardyengine\hardyengine\x64\debug\graphics.obj
c:\users\allis\documents\github\hardyengine\hardyengine\hardyengine\x64\debug\indexbuffer.obj
c:\users\allis\documents\github\hardyengine\hardyengine\hardyengine\x64\debug\input.obj
c:\users\allis\documents\github\hardyengine\hardyengine\hardyengine\x64\debug\inputlayout.obj
c:\users\allis\documents\github\hardyengine\hardyengine\hardyengine\x64\debug\pixelshader.obj
c:\users\allis\documents\github\hardyengine\hardyengine\hardyengine\x64\debug\time.obj
c:\users\allis\documents\github\hardyengine\hardyengine\hardyengine\x64\debug\topology.obj
c:\users\allis\documents\github\hardyengine\hardyengine\hardyengine\x64\debug\transformconstantbuffer.obj
c:\users\allis\documents\github\hardyengine\hardyengine\hardyengine\x64\debug\vertexbuffer.obj
c:\users\allis\documents\github\hardyengine\hardyengine\hardyengine\x64\debug\vertexshader.obj
c:\users\allis\documents\github\hardyengine\hardyengine\hardyengine\x64\debug\window.obj
c:\users\allis\documents\github\hardyengine\hardyengine\hardyengine\pixelshader.cso
c:\users\allis\documents\github\hardyengine\hardyengine\hardyengine\vertexshader.cso
c:\users\allis\documents\github\hardyengine\hardyengine\hardyengine\x64\debug\hardyengine.tlog\cl.command.1.tlog
c:\users\allis\documents\github\hardyengine\hardyengine\hardyengine\x64\debug\hardyengine.tlog\cl.read.1.tlog
c:\users\allis\documents\github\hardyengine\hardyengine\hardyengine\x64\debug\hardyengine.tlog\cl.write.1.tlog
c:\users\allis\documents\github\hardyengine\hardyengine\hardyengine\x64\debug\hardyengine.tlog\dxc.command.1.tlog
c:\users\allis\documents\github\hardyengine\hardyengine\hardyengine\x64\debug\hardyengine.tlog\dxc.read.1.tlog
c:\users\allis\documents\github\hardyengine\hardyengine\hardyengine\x64\debug\hardyengine.tlog\dxc.write.1.tlog
c:\users\allis\documents\github\hardyengine\hardyengine\hardyengine\x64\debug\hardyengine.tlog\fxc.command.1.tlog
c:\users\allis\documents\github\hardyengine\hardyengine\hardyengine\x64\debug\hardyengine.tlog\fxc.read.1.tlog
c:\users\allis\documents\github\hardyengine\hardyengine\hardyengine\x64\debug\hardyengine.tlog\fxc.write.1.tlog
